projet/AndroidEtPlan/app/build/intermediates/manifest_merge_blame_file/debug/manifest-merger-blame-debug-report.txt
1<?xml version="1.0" encoding="utf-8"?>
2<manifest xmlns:android="http://schemas.android.com/apk/res/android"
3    package="com.example.testmenu"
4    android:versionCode="1"
5    android:versionName="1.0" >
6
7    <uses-sdk
8        android:minSdkVersion="24"
8-->src/main/AndroidManifest.xml
9        android:targetSdkVersion="30" />
9-->src/main/AndroidManifest.xml
10
11    <uses-permission android:name="android.permission.INTERNET" />
11-->src/main/AndroidManifest.xml:5:5-67
11-->src/main/AndroidManifest.xml:5:22-64
12    <uses-permission android:name="android.permission.READ_EXTERNAL_STORAGE" />
12-->src/main/AndroidManifest.xml:6:5-80
12-->src/main/AndroidManifest.xml:6:22-77
13    <uses-permission android:name="android.permission.WRITE_EXTERNAL_STORAGE" />
13-->src/main/AndroidManifest.xml:7:5-81
13-->src/main/AndroidManifest.xml:7:22-78
14    <uses-permission android:name="android.permission.ACCESS_NETWORK_STATE" />
14-->src/main/AndroidManifest.xml:8:5-78
14-->src/main/AndroidManifest.xml:8:22-76
15    <uses-permission android:name="android.permission.CAMERA" />
15-->src/main/AndroidManifest.xml:9:5-64
15-->src/main/AndroidManifest.xml:9:22-62
16
17    <!-- Don't require camera, as this requires a rear camera. This allows it to work on the Nexus 7 -->
18    <uses-feature
18-->[com.journeyapps:zxing-android-embedded:4.0.2] AndroidManifest.xml:25:5-27:36
19        android:name="android.hardware.camera"
19-->[com.journeyapps:zxing-android-embedded:4.0.2] AndroidManifest.xml:26:9-47
20        android:required="false" />
20-->[com.journeyapps:zxing-android-embedded:4.0.2] AndroidManifest.xml:27:9-33
21    <uses-feature
21-->[com.journeyapps:zxing-android-embedded:4.0.2] AndroidManifest.xml:28:5-30:36
22        android:name="android.hardware.camera.front"
22-->[com.journeyapps:zxing-android-embedded:4.0.2] AndroidManifest.xml:29:9-53
23        android:required="false" /> <!-- TODO replace above two with next line after Android 4.2 -->
23-->[com.journeyapps:zxing-android-embedded:4.0.2] AndroidManifest.xml:30:9-33
24    <!-- <uses-feature android:name="android.hardware.camera.any"/> -->
25    <uses-feature
25-->[com.journeyapps:zxing-android-embedded:4.0.2] AndroidManifest.xml:33:5-35:36
26        android:name="android.hardware.camera.autofocus"
26-->[com.journeyapps:zxing-android-embedded:4.0.2] AndroidManifest.xml:34:9-57
27        android:required="false" />
27-->[com.journeyapps:zxing-android-embedded:4.0.2] AndroidManifest.xml:35:9-33
28    <uses-feature
28-->[com.journeyapps:zxing-android-embedded:4.0.2] AndroidManifest.xml:36:5-38:36
29        android:name="android.hardware.camera.flash"
29-->[com.journeyapps:zxing-android-embedded:4.0.2] AndroidManifest.xml:37:9-53
30        android:required="false" />
30-->[com.journeyapps:zxing-android-embedded:4.0.2] AndroidManifest.xml:38:9-33
31    <uses-feature
31-->[com.journeyapps:zxing-android-embedded:4.0.2] AndroidManifest.xml:39:5-41:36
32        android:name="android.hardware.screen.landscape"
32-->[com.journeyapps:zxing-android-embedded:4.0.2] AndroidManifest.xml:40:9-57
33        android:required="false" />
33-->[com.journeyapps:zxing-android-embedded:4.0.2] AndroidManifest.xml:41:9-33
34    <uses-feature
34-->[com.journeyapps:zxing-android-embedded:4.0.2] AndroidManifest.xml:42:5-44:36
35        android:name="android.hardware.wifi"
35-->[com.journeyapps:zxing-android-embedded:4.0.2] AndroidManifest.xml:43:9-45
36        android:required="false" />
36-->[com.journeyapps:zxing-android-embedded:4.0.2] AndroidManifest.xml:44:9-33
37
38    <application
38-->src/main/AndroidManifest.xml:11:5-40:19
39        android:allowBackup="true"
39-->src/main/AndroidManifest.xml:13:9-35
40        android:appComponentFactory="androidx.core.app.CoreComponentFactory"
40-->[androidx.core:core:1.3.1] AndroidManifest.xml:24:18-86
41        android:debuggable="true"
42        android:extractNativeLibs="false"
43        android:icon="@mipmap/ic_launcher"
43-->src/main/AndroidManifest.xml:14:9-43
44        android:label="E-POKAMP"
44-->src/main/AndroidManifest.xml:15:9-33
45        android:roundIcon="@mipmap/ic_launcher_round"
45-->src/main/AndroidManifest.xml:16:9-54
46        android:supportsRtl="true"
46-->src/main/AndroidManifest.xml:17:9-35
47        android:testOnly="true"
48        android:theme="@style/Theme.TestMenu.NoActionBar" >
48-->src/main/AndroidManifest.xml:18:9-58
49        <activity android:name="com.example.testmenu.plan_dynamique.MainActivity2" />
49-->src/main/AndroidManifest.xml:19:9-75
49-->src/main/AndroidManifest.xml:19:19-63
50        <activity android:name="com.example.testmenu.ScanActivity" />
50-->src/main/AndroidManifest.xml:20:9-59
50-->src/main/AndroidManifest.xml:20:19-47
51        <activity android:name="com.example.testmenu.Test" />
51-->src/main/AndroidManifest.xml:21:9-51
51-->src/main/AndroidManifest.xml:21:19-39
52        <activity android:name="com.example.testmenu.connection.Login" />
52-->src/main/AndroidManifest.xml:23:9-63
52-->src/main/AndroidManifest.xml:23:19-51
53        <activity android:name="com.example.testmenu.connection.SignUp" />
53-->src/main/AndroidManifest.xml:24:9-64
53-->src/main/AndroidManifest.xml:24:19-52
54        <activity android:name="com.example.testmenu.MainActivity" />
54-->src/main/AndroidManifest.xml:25:9-59
54-->src/main/AndroidManifest.xml:25:19-47
55        <activity android:name="com.example.testmenu.connection.Reception" />
55-->src/main/AndroidManifest.xml:26:9-57
55-->src/main/AndroidManifest.xml:26:19-55
56        <activity android:name="com.example.testmenu.connection.SplashScreen" >
56-->src/main/AndroidManifest.xml:29:9-35:20
56-->src/main/AndroidManifest.xml:29:19-58
57            <intent-filter>
57-->src/main/AndroidManifest.xml:30:13-34:29
58                <action android:name="android.intent.action.MAIN" />
58-->src/main/AndroidManifest.xml:31:17-69
58-->src/main/AndroidManifest.xml:31:25-66
59
60                <category android:name="android.intent.category.LAUNCHER" />
60-->src/main/AndroidManifest.xml:33:17-77
60-->src/main/AndroidManifest.xml:33:27-74
61            </intent-filter>
62        </activity>
63
64        <meta-data
64-->src/main/AndroidManifest.xml:37:9-39:57
65            android:name="preloaded_fonts"
65-->src/main/AndroidManifest.xml:38:13-43
66            android:resource="@array/preloaded_fonts" />
66-->src/main/AndroidManifest.xml:39:13-54
67
68        <activity
68-->[com.journeyapps:zxing-android-embedded:4.0.2] AndroidManifest.xml:47:9-53:63
69            android:name="com.journeyapps.barcodescanner.CaptureActivity"
69-->[com.journeyapps:zxing-android-embedded:4.0.2] AndroidManifest.xml:48:13-74
70            android:clearTaskOnLaunch="true"
70-->[com.journeyapps:zxing-android-embedded:4.0.2] AndroidManifest.xml:49:13-45
71            android:screenOrientation="sensorLandscape"
71-->[com.journeyapps:zxing-android-embedded:4.0.2] AndroidManifest.xml:50:13-56
72            android:stateNotNeeded="true"
72-->[com.journeyapps:zxing-android-embedded:4.0.2] AndroidManifest.xml:51:13-42
73            android:theme="@style/zxing_CaptureTheme"
73-->[com.journeyapps:zxing-android-embedded:4.0.2] AndroidManifest.xml:52:13-54
74            android:windowSoftInputMode="stateAlwaysHidden" />
74-->[com.journeyapps:zxing-android-embedded:4.0.2] AndroidManifest.xml:53:13-60
75    </application>
76
77</manifest>